{"numFailedTestSuites":1,"numFailedTests":1,"numPassedTestSuites":9,"numPassedTests":58,"numPendingTestSuites":0,"numPendingTests":0,"numRuntimeErrorTestSuites":0,"numTodoTests":0,"numTotalTestSuites":10,"numTotalTests":59,"openHandles":[],"snapshot":{"added":0,"didUpdate":false,"failure":false,"filesAdded":0,"filesRemoved":0,"filesRemovedList":[],"filesUnmatched":0,"filesUpdated":0,"matched":0,"total":0,"unchecked":0,"uncheckedKeysByFile":[],"unmatched":0,"updated":0},"startTime":1771155028197,"success":false,"testResults":[{"assertionResults":[{"ancestorTitles":["AppController","root"],"duration":64,"failureDetails":[],"failureMessages":[],"fullName":"AppController root should return \"Hello World!\"","invocations":1,"location":null,"numPassingAsserts":1,"retryReasons":[],"status":"passed","title":"should return \"Hello World!\""}],"endTime":1771155045038,"message":"","name":"C:\\Users\\Doney\\OneDrive\\Desktop\\ResumeAlign\\build-resume-backend\\src\\app.controller.spec.ts","startTime":1771155030079,"status":"passed","summary":""},{"assertionResults":[{"ancestorTitles":["ImproveResumeService"],"duration":26,"failureDetails":[],"failureMessages":[],"fullName":"ImproveResumeService should be defined","invocations":1,"location":null,"numPassingAsserts":1,"retryReasons":[],"status":"passed","title":"should be defined"},{"ancestorTitles":["ImproveResumeService","improveSection"],"duration":3,"failureDetails":[],"failureMessages":[],"fullName":"ImproveResumeService improveSection should improve a resume section","invocations":1,"location":null,"numPassingAsserts":2,"retryReasons":[],"status":"passed","title":"should improve a resume section"},{"ancestorTitles":["ImproveResumeService","improveSection"],"duration":3,"failureDetails":[],"failureMessages":[],"fullName":"ImproveResumeService improveSection should improve section without JD","invocations":1,"location":null,"numPassingAsserts":1,"retryReasons":[],"status":"passed","title":"should improve section without JD"},{"ancestorTitles":["ImproveResumeService","generateContent"],"duration":32,"failureDetails":[],"failureMessages":[],"fullName":"ImproveResumeService generateContent should generate content from prompt","invocations":1,"location":null,"numPassingAsserts":2,"retryReasons":[],"status":"passed","title":"should generate content from prompt"},{"ancestorTitles":["ImproveResumeService","autoFillMissingSkills"],"duration":5,"failureDetails":[],"failureMessages":[],"fullName":"ImproveResumeService autoFillMissingSkills should suggest improvements for missing skills","invocations":1,"location":null,"numPassingAsserts":2,"retryReasons":[],"status":"passed","title":"should suggest improvements for missing skills"},{"ancestorTitles":["ImproveResumeService","fullAutoImprove"],"duration":6,"failureDetails":[],"failureMessages":[],"fullName":"ImproveResumeService fullAutoImprove should perform complete resume improvement","invocations":1,"location":null,"numPassingAsserts":2,"retryReasons":[],"status":"passed","title":"should perform complete resume improvement"},{"ancestorTitles":["ImproveResumeService","autofillWithEmbeddings"],"duration":4,"failureDetails":[],"failureMessages":[],"fullName":"ImproveResumeService autofillWithEmbeddings should autofill resume using embeddings","invocations":1,"location":null,"numPassingAsserts":2,"retryReasons":[],"status":"passed","title":"should autofill resume using embeddings"}],"endTime":1771155047462,"message":"","name":"C:\\Users\\Doney\\OneDrive\\Desktop\\ResumeAlign\\build-resume-backend\\src\\updateResume\\improve-resume.service.spec.ts","startTime":1771155030012,"status":"passed","summary":""},{"assertionResults":[{"ancestorTitles":["ResumeService"],"duration":29,"failureDetails":[],"failureMessages":[],"fullName":"ResumeService should be defined","invocations":1,"location":null,"numPassingAsserts":1,"retryReasons":[],"status":"passed","title":"should be defined"},{"ancestorTitles":["ResumeService","createNewResume"],"duration":4,"failureDetails":[],"failureMessages":[],"fullName":"ResumeService createNewResume should create a new resume","invocations":1,"location":null,"numPassingAsserts":2,"retryReasons":[],"status":"passed","title":"should create a new resume"},{"ancestorTitles":["ResumeService","getUserResumes"],"duration":5,"failureDetails":[],"failureMessages":[],"fullName":"ResumeService getUserResumes should return all resumes for a user","invocations":1,"location":null,"numPassingAsserts":2,"retryReasons":[],"status":"passed","title":"should return all resumes for a user"},{"ancestorTitles":["ResumeService","getResumeById"],"duration":3,"failureDetails":[],"failureMessages":[],"fullName":"ResumeService getResumeById should return resume by ID","invocations":1,"location":null,"numPassingAsserts":1,"retryReasons":[],"status":"passed","title":"should return resume by ID"},{"ancestorTitles":["ResumeService","getResumeById"],"duration":5,"failureDetails":[],"failureMessages":[],"fullName":"ResumeService getResumeById should return null if resume not found","invocations":1,"location":null,"numPassingAsserts":1,"retryReasons":[],"status":"passed","title":"should return null if resume not found"},{"ancestorTitles":["ResumeService","updateResumeDetail"],"duration":3,"failureDetails":[],"failureMessages":[],"fullName":"ResumeService updateResumeDetail should update resume without photo","invocations":1,"location":null,"numPassingAsserts":1,"retryReasons":[],"status":"passed","title":"should update resume without photo"},{"ancestorTitles":["ResumeService","updateResumeDetail"],"duration":3,"failureDetails":[],"failureMessages":[],"fullName":"ResumeService updateResumeDetail should update resume with photo","invocations":1,"location":null,"numPassingAsserts":2,"retryReasons":[],"status":"passed","title":"should update resume with photo"},{"ancestorTitles":["ResumeService","deleteResumeById"],"duration":4,"failureDetails":[],"failureMessages":[],"fullName":"ResumeService deleteResumeById should delete resume","invocations":1,"location":null,"numPassingAsserts":1,"retryReasons":[],"status":"passed","title":"should delete resume"},{"ancestorTitles":["ResumeService","getProfilePhoto"],"duration":2,"failureDetails":[],"failureMessages":[],"fullName":"ResumeService getProfilePhoto should return profile photo","invocations":1,"location":null,"numPassingAsserts":1,"retryReasons":[],"status":"passed","title":"should return profile photo"}],"endTime":1771155047482,"message":"","name":"C:\\Users\\Doney\\OneDrive\\Desktop\\ResumeAlign\\build-resume-backend\\src\\resume\\resume.service.spec.ts","startTime":1771155030020,"status":"passed","summary":""},{"assertionResults":[{"ancestorTitles":["UsersService"],"duration":36,"failureDetails":[],"failureMessages":[],"fullName":"UsersService should be defined","invocations":1,"location":null,"numPassingAsserts":1,"retryReasons":[],"status":"passed","title":"should be defined"},{"ancestorTitles":["UsersService","create"],"duration":9,"failureDetails":[],"failureMessages":[],"fullName":"UsersService create should create a new user","invocations":1,"location":null,"numPassingAsserts":2,"retryReasons":[],"status":"passed","title":"should create a new user"},{"ancestorTitles":["UsersService","findByEmail"],"duration":5,"failureDetails":[],"failureMessages":[],"fullName":"UsersService findByEmail should find user by email","invocations":1,"location":null,"numPassingAsserts":2,"retryReasons":[],"status":"passed","title":"should find user by email"},{"ancestorTitles":["UsersService","findByEmail"],"duration":4,"failureDetails":[],"failureMessages":[],"fullName":"UsersService findByEmail should return null if user not found","invocations":1,"location":null,"numPassingAsserts":1,"retryReasons":[],"status":"passed","title":"should return null if user not found"},{"ancestorTitles":["UsersService","findById"],"duration":4,"failureDetails":[],"failureMessages":[],"fullName":"UsersService findById should find user by ID","invocations":1,"location":null,"numPassingAsserts":1,"retryReasons":[],"status":"passed","title":"should find user by ID"},{"ancestorTitles":["UsersService","checkAndUpdateQuota"],"duration":4,"failureDetails":[],"failureMessages":[],"fullName":"UsersService checkAndUpdateQuota should authorize when user has remaining quota","invocations":1,"location":null,"numPassingAsserts":2,"retryReasons":[],"status":"passed","title":"should authorize when user has remaining quota"},{"ancestorTitles":["UsersService","checkAndUpdateQuota"],"duration":3,"failureDetails":[],"failureMessages":[],"fullName":"UsersService checkAndUpdateQuota should deny when quota is exhausted","invocations":1,"location":null,"numPassingAsserts":2,"retryReasons":[],"status":"passed","title":"should deny when quota is exhausted"},{"ancestorTitles":["UsersService","checkAndUpdateQuota"],"duration":3,"failureDetails":[],"failureMessages":[],"fullName":"UsersService checkAndUpdateQuota should reset quota at the beginning of new month","invocations":1,"location":null,"numPassingAsserts":2,"retryReasons":[],"status":"passed","title":"should reset quota at the beginning of new month"},{"ancestorTitles":["UsersService","update"],"duration":5,"failureDetails":[],"failureMessages":[],"fullName":"UsersService update should update user","invocations":1,"location":null,"numPassingAsserts":1,"retryReasons":[],"status":"passed","title":"should update user"}],"endTime":1771155047530,"message":"","name":"C:\\Users\\Doney\\OneDrive\\Desktop\\ResumeAlign\\build-resume-backend\\src\\users\\users.service.spec.ts","startTime":1771155030064,"status":"passed","summary":""},{"assertionResults":[{"ancestorTitles":["BillingService"],"duration":132,"failureDetails":[],"failureMessages":[],"fullName":"BillingService should be defined","invocations":1,"location":null,"numPassingAsserts":1,"retryReasons":[],"status":"passed","title":"should be defined"},{"ancestorTitles":["BillingService","createRazorpayOrder"],"duration":10,"failureDetails":[],"failureMessages":[],"fullName":"BillingService createRazorpayOrder should create a Razorpay order","invocations":1,"location":null,"numPassingAsserts":2,"retryReasons":[],"status":"passed","title":"should create a Razorpay order"},{"ancestorTitles":["BillingService","createRazorpayOrder"],"duration":29,"failureDetails":[],"failureMessages":[],"fullName":"BillingService createRazorpayOrder should throw error if Razorpay keys are missing","invocations":1,"location":null,"numPassingAsserts":1,"retryReasons":[],"status":"passed","title":"should throw error if Razorpay keys are missing"},{"ancestorTitles":["BillingService","verifyRazorpayPayment"],"duration":11,"failureDetails":[],"failureMessages":[],"fullName":"BillingService verifyRazorpayPayment should verify payment and upgrade user to Pro","invocations":1,"location":null,"numPassingAsserts":2,"retryReasons":[],"status":"passed","title":"should verify payment and upgrade user to Pro"},{"ancestorTitles":["BillingService","verifyRazorpayPayment"],"duration":5,"failureDetails":[],"failureMessages":[],"fullName":"BillingService verifyRazorpayPayment should reject payment with invalid signature","invocations":1,"location":null,"numPassingAsserts":3,"retryReasons":[],"status":"passed","title":"should reject payment with invalid signature"}],"endTime":1771155047696,"message":"","name":"C:\\Users\\Doney\\OneDrive\\Desktop\\ResumeAlign\\build-resume-backend\\src\\billing\\billing.service.spec.ts","startTime":1771155030062,"status":"passed","summary":""},{"assertionResults":[{"ancestorTitles":["AuthService"],"duration":38,"failureDetails":[],"failureMessages":[],"fullName":"AuthService should be defined","invocations":1,"location":null,"numPassingAsserts":1,"retryReasons":[],"status":"passed","title":"should be defined"},{"ancestorTitles":["AuthService","validateUser"],"duration":5,"failureDetails":[],"failureMessages":[],"fullName":"AuthService validateUser should return user object when credentials are valid","invocations":1,"location":null,"numPassingAsserts":2,"retryReasons":[],"status":"passed","title":"should return user object when credentials are valid"},{"ancestorTitles":["AuthService","validateUser"],"duration":2,"failureDetails":[],"failureMessages":[],"fullName":"AuthService validateUser should return null when credentials are invalid","invocations":1,"location":null,"numPassingAsserts":1,"retryReasons":[],"status":"passed","title":"should return null when credentials are invalid"},{"ancestorTitles":["AuthService","login"],"duration":4,"failureDetails":[],"failureMessages":[],"fullName":"AuthService login should return access token and user info","invocations":1,"location":null,"numPassingAsserts":4,"retryReasons":[],"status":"passed","title":"should return access token and user info"},{"ancestorTitles":["AuthService","register"],"duration":92,"failureDetails":[],"failureMessages":[],"fullName":"AuthService register should create new user and return login response","invocations":1,"location":null,"numPassingAsserts":2,"retryReasons":[],"status":"passed","title":"should create new user and return login response"},{"ancestorTitles":["AuthService","register"],"duration":20,"failureDetails":[],"failureMessages":[],"fullName":"AuthService register should throw error if user already exists","invocations":1,"location":null,"numPassingAsserts":1,"retryReasons":[],"status":"passed","title":"should throw error if user already exists"},{"ancestorTitles":["AuthService","validateOAuthUser"],"duration":4,"failureDetails":[],"failureMessages":[],"fullName":"AuthService validateOAuthUser should return existing user for Google OAuth","invocations":1,"location":null,"numPassingAsserts":1,"retryReasons":[],"status":"passed","title":"should return existing user for Google OAuth"},{"ancestorTitles":["AuthService","validateOAuthUser"],"duration":3,"failureDetails":[],"failureMessages":[],"fullName":"AuthService validateOAuthUser should create new user if OAuth user does not exist","invocations":1,"location":null,"numPassingAsserts":2,"retryReasons":[],"status":"passed","title":"should create new user if OAuth user does not exist"}],"endTime":1771155047868,"message":"","name":"C:\\Users\\Doney\\OneDrive\\Desktop\\ResumeAlign\\build-resume-backend\\src\\auth\\auth.service.spec.ts","startTime":1771155030026,"status":"passed","summary":""},{"assertionResults":[{"ancestorTitles":["AuthController"],"duration":38,"failureDetails":[],"failureMessages":[],"fullName":"AuthController should be defined","invocations":1,"location":null,"numPassingAsserts":1,"retryReasons":[],"status":"passed","title":"should be defined"},{"ancestorTitles":["AuthController","login"],"duration":9,"failureDetails":[],"failureMessages":[],"fullName":"AuthController login should return access token on successful login","invocations":1,"location":null,"numPassingAsserts":2,"retryReasons":[],"status":"passed","title":"should return access token on successful login"},{"ancestorTitles":["AuthController","register"],"duration":5,"failureDetails":[],"failureMessages":[],"fullName":"AuthController register should register a new user","invocations":1,"location":null,"numPassingAsserts":2,"retryReasons":[],"status":"passed","title":"should register a new user"},{"ancestorTitles":["AuthController","OAuth flows"],"duration":32,"failureDetails":[],"failureMessages":[],"fullName":"AuthController OAuth flows should handle Google OAuth redirect","invocations":1,"location":null,"numPassingAsserts":1,"retryReasons":[],"status":"passed","title":"should handle Google OAuth redirect"},{"ancestorTitles":["AuthController","OAuth flows"],"duration":5,"failureDetails":[],"failureMessages":[],"fullName":"AuthController OAuth flows should handle LinkedIn OAuth redirect","invocations":1,"location":null,"numPassingAsserts":1,"retryReasons":[],"status":"passed","title":"should handle LinkedIn OAuth redirect"}],"endTime":1771155047877,"message":"","name":"C:\\Users\\Doney\\OneDrive\\Desktop\\ResumeAlign\\build-resume-backend\\src\\auth\\auth.controller.spec.ts","startTime":1771155030064,"status":"passed","summary":""},{"assertionResults":[{"ancestorTitles":["PdfService"],"duration":21,"failureDetails":[],"failureMessages":[],"fullName":"PdfService should be defined","invocations":1,"location":null,"numPassingAsserts":1,"retryReasons":[],"status":"passed","title":"should be defined"},{"ancestorTitles":["PdfService","generatePdf"],"duration":2,"failureDetails":[],"failureMessages":[],"fullName":"PdfService generatePdf should have generatePdf method","invocations":1,"location":null,"numPassingAsserts":2,"retryReasons":[],"status":"passed","title":"should have generatePdf method"},{"ancestorTitles":["PdfService","Theme color support"],"duration":4,"failureDetails":[],"failureMessages":[],"fullName":"PdfService Theme color support should support different theme colors","invocations":1,"location":null,"numPassingAsserts":1,"retryReasons":[],"status":"passed","title":"should support different theme colors"}],"endTime":1771155048207,"message":"","name":"C:\\Users\\Doney\\OneDrive\\Desktop\\ResumeAlign\\build-resume-backend\\src\\pdf\\pdf.service.spec.ts","startTime":1771155030076,"status":"passed","summary":""},{"assertionResults":[{"ancestorTitles":["AnalyzeService"],"duration":23,"failureDetails":[],"failureMessages":[],"fullName":"AnalyzeService should be defined","invocations":1,"location":null,"numPassingAsserts":1,"retryReasons":[],"status":"passed","title":"should be defined"},{"ancestorTitles":["AnalyzeService","analyze"],"duration":35,"failureDetails":[],"failureMessages":[],"fullName":"AnalyzeService analyze should analyze resume against job description","invocations":1,"location":null,"numPassingAsserts":2,"retryReasons":[],"status":"passed","title":"should analyze resume against job description"},{"ancestorTitles":["AnalyzeService","analyze"],"duration":5,"failureDetails":[],"failureMessages":[],"fullName":"AnalyzeService analyze should handle DOCX files","invocations":1,"location":null,"numPassingAsserts":2,"retryReasons":[],"status":"passed","title":"should handle DOCX files"},{"ancestorTitles":["AnalyzeService","generateJD"],"duration":6,"failureDetails":[{"matcherResult":{"message":"\u001b[2mexpect(\u001b[22m\u001b[31mreceived\u001b[39m\u001b[2m).\u001b[22mtoBeDefined\u001b[2m()\u001b[22m\n\nReceived: \u001b[31mundefined\u001b[39m","pass":false}}],"failureMessages":["Error: \u001b[2mexpect(\u001b[22m\u001b[31mreceived\u001b[39m\u001b[2m).\u001b[22mtoBeDefined\u001b[2m()\u001b[22m\n\nReceived: \u001b[31mundefined\u001b[39m\n    at Object.<anonymous> (C:\\Users\\Doney\\OneDrive\\Desktop\\ResumeAlign\\build-resume-backend\\src\\analyze\\analyze.service.spec.ts:166:40)"],"fullName":"AnalyzeService generateJD should generate JD from URL","invocations":1,"location":null,"numPassingAsserts":1,"retryReasons":[],"status":"failed","title":"should generate JD from URL"},{"ancestorTitles":["AnalyzeService","parseResumeToJson"],"duration":3,"failureDetails":[],"failureMessages":[],"fullName":"AnalyzeService parseResumeToJson should parse resume to structured JSON","invocations":1,"location":null,"numPassingAsserts":2,"retryReasons":[],"status":"passed","title":"should parse resume to structured JSON"}],"endTime":1771155048904,"message":"\u001b[1m\u001b[31m  \u001b[1m● \u001b[22m\u001b[1mAnalyzeService › generateJD › should generate JD from URL\u001b[39m\u001b[22m\n\n    \u001b[2mexpect(\u001b[22m\u001b[31mreceived\u001b[39m\u001b[2m).\u001b[22mtoBeDefined\u001b[2m()\u001b[22m\n\n    Received: \u001b[31mundefined\u001b[39m\n\u001b[2m\u001b[22m\n\u001b[2m    \u001b[0m \u001b[90m 164 |\u001b[39m\u001b[22m\n\u001b[2m     \u001b[90m 165 |\u001b[39m             expect(result)\u001b[33m.\u001b[39mtoBeDefined()\u001b[33m;\u001b[39m\u001b[22m\n\u001b[2m    \u001b[31m\u001b[1m>\u001b[22m\u001b[2m\u001b[39m\u001b[90m 166 |\u001b[39m             expect(result\u001b[33m.\u001b[39mdescription)\u001b[33m.\u001b[39mtoBeDefined()\u001b[33m;\u001b[39m\u001b[22m\n\u001b[2m     \u001b[90m     |\u001b[39m                                        \u001b[31m\u001b[1m^\u001b[22m\u001b[2m\u001b[39m\u001b[22m\n\u001b[2m     \u001b[90m 167 |\u001b[39m         })\u001b[33m;\u001b[39m\u001b[22m\n\u001b[2m     \u001b[90m 168 |\u001b[39m     })\u001b[33m;\u001b[39m\u001b[22m\n\u001b[2m     \u001b[90m 169 |\u001b[39m\u001b[0m\u001b[22m\n\u001b[2m\u001b[22m\n\u001b[2m      \u001b[2mat Object.<anonymous> (\u001b[22m\u001b[2m\u001b[0m\u001b[36manalyze/analyze.service.spec.ts\u001b[39m\u001b[0m\u001b[2m:166:40)\u001b[22m\u001b[2m\u001b[22m\n","name":"C:\\Users\\Doney\\OneDrive\\Desktop\\ResumeAlign\\build-resume-backend\\src\\analyze\\analyze.service.spec.ts","startTime":1771155029862,"status":"failed","summary":""},{"assertionResults":[{"ancestorTitles":["ATSService"],"duration":27,"failureDetails":[],"failureMessages":[],"fullName":"ATSService should be defined","invocations":1,"location":null,"numPassingAsserts":1,"retryReasons":[],"status":"passed","title":"should be defined"},{"ancestorTitles":["ATSService","createJob"],"duration":6,"failureDetails":[],"failureMessages":[],"fullName":"ATSService createJob should create a new job","invocations":1,"location":null,"numPassingAsserts":2,"retryReasons":[],"status":"passed","title":"should create a new job"},{"ancestorTitles":["ATSService","listJobs"],"duration":4,"failureDetails":[],"failureMessages":[],"fullName":"ATSService listJobs should return all jobs for a recruiter","invocations":1,"location":null,"numPassingAsserts":1,"retryReasons":[],"status":"passed","title":"should return all jobs for a recruiter"},{"ancestorTitles":["ATSService","screenResumes"],"duration":14,"failureDetails":[],"failureMessages":[],"fullName":"ATSService screenResumes should screen multiple resumes","invocations":1,"location":null,"numPassingAsserts":2,"retryReasons":[],"status":"passed","title":"should screen multiple resumes"},{"ancestorTitles":["ATSService","getRankedCandidates"],"duration":3,"failureDetails":[],"failureMessages":[],"fullName":"ATSService getRankedCandidates should return candidates sorted by score","invocations":1,"location":null,"numPassingAsserts":1,"retryReasons":[],"status":"passed","title":"should return candidates sorted by score"},{"ancestorTitles":["ATSService","deleteJob"],"duration":2,"failureDetails":[],"failureMessages":[],"fullName":"ATSService deleteJob should delete job and associated candidates","invocations":1,"location":null,"numPassingAsserts":2,"retryReasons":[],"status":"passed","title":"should delete job and associated candidates"},{"ancestorTitles":["ATSService","updateCandidate"],"duration":2,"failureDetails":[],"failureMessages":[],"fullName":"ATSService updateCandidate should update candidate ranking","invocations":1,"location":null,"numPassingAsserts":1,"retryReasons":[],"status":"passed","title":"should update candidate ranking"}],"endTime":1771155049830,"message":"","name":"C:\\Users\\Doney\\OneDrive\\Desktop\\ResumeAlign\\build-resume-backend\\src\\ats\\ats.service.spec.ts","startTime":1771155029964,"status":"passed","summary":""}],"wasInterrupted":false}
